Using pre-set license
Built from '2020.3/release' branch; Version is '2020.3.2f1 (8fd9074bf66c) revision 9427207'; Using compiler version '192528614'; Build Type 'Release'
OS: 'Windows 10 Pro; OS build 16299.1127; Version 1709; 64bit' Language: 'en' Physical Memory: 3998 MB
BatchMode: 1, IsHumanControllingUs: 0, StartBugReporterOnCrash: 0, Is64bit: 1, IsPro: 0

 COMMAND LINE ARGUMENTS:
C:\Program Files\Unity\Hub\Editor\2020.3.2f1\Editor\Unity.exe
-adb2
-batchMode
-noUpm
-name
AssetImportWorker1
-projectPath
G:/hk2_2021/NMPTG/game_bird/gamebird
-logFile
Logs/AssetImportWorker1.log
-srvPort
53838
Successfully changed project path to: G:/hk2_2021/NMPTG/game_bird/gamebird
G:/hk2_2021/NMPTG/game_bird/gamebird
Using Asset Import Pipeline V2.
Refreshing native plugins compatible for Editor in 148.76 ms, found 1 plugins.
Preloading 0 native plugins for Editor in 0.00 ms.
Initialize engine version: 2020.3.2f1 (8fd9074bf66c)
[Subsystems] Discovering subsystems at path C:/Program Files/Unity/Hub/Editor/2020.3.2f1/Editor/Data/Resources/UnitySubsystems
[Subsystems] Discovering subsystems at path G:/hk2_2021/NMPTG/game_bird/gamebird/Assets
GfxDevice: creating device client; threaded=0
Direct3D:
    Version:  Direct3D 11.0 [level 11.0]
    Renderer: Intel(R) HD Graphics 4000 (ID=0x166)
    Vendor:   
    VRAM:     128 MB
    Driver:   10.18.10.4252
Initialize mono
Mono path[0] = 'C:/Program Files/Unity/Hub/Editor/2020.3.2f1/Editor/Data/Managed'
Mono path[1] = 'C:/Program Files/Unity/Hub/Editor/2020.3.2f1/Editor/Data/MonoBleedingEdge/lib/mono/unityjit'
Mono config path = 'C:/Program Files/Unity/Hub/Editor/2020.3.2f1/Editor/Data/MonoBleedingEdge/etc'
Using monoOptions --debugger-agent=transport=dt_socket,embedding=1,server=y,suspend=n,address=127.0.0.1:56428
Begin MonoManager ReloadAssembly
Registering precompiled unity dll's ...
Register platform support module: C:/Program Files/Unity/Hub/Editor/2020.3.2f1/Editor/Data/PlaybackEngines/WindowsStandaloneSupport/UnityEditor.WindowsStandalone.Extensions.dll
Registered in 0.005855 seconds.
Native extension for WindowsStandalone target not found
Refreshing native plugins compatible for Editor in 57.49 ms, found 1 plugins.
Preloading 0 native plugins for Editor in 0.00 ms.
Invoked RoslynAnalysisRunner static constructor.
RoslynAnalysisRunner will not be running.
RoslynAnalysisRunner has terminated.
Mono: successfully reloaded assembly
- Completed reload, in  4.428 seconds
Platform modules already initialized, skipping
Registering precompiled user dll's ...
Registered in 0.015418 seconds.
Begin MonoManager ReloadAssembly
Native extension for WindowsStandalone target not found
Refreshing native plugins compatible for Editor in 99.17 ms, found 1 plugins.
Preloading 0 native plugins for Editor in 0.00 ms.
Invoked RoslynAnalysisRunner static constructor.
RoslynAnalysisRunner will not be running.
RoslynAnalysisRunner has terminated.
Mono: successfully reloaded assembly
- Completed reload, in  2.395 seconds
Platform modules already initialized, skipping
========================================================================
Worker process is ready to serve import requests
Launched and connected shader compiler UnityShaderCompiler.exe after 0.16 seconds
Refreshing native plugins compatible for Editor in 0.85 ms, found 1 plugins.
Preloading 0 native plugins for Editor in 0.00 ms.
Unloading 1814 Unused Serialized files (Serialized files now loaded: 0)
System memory in use before: 85.0 MB.
System memory in use after: 85.0 MB.

Unloading 24 unused Assets to reduce memory usage. Loaded Objects now: 2256.
Total: 5.471476 ms (FindLiveObjects: 0.456713 ms CreateObjectMapping: 0.133816 ms MarkObjects: 4.620814 ms  DeleteObjects: 0.256186 ms)

========================================================================
Received Import Request.
  path: Assets/Flappy Bird Style/Prefabs/Bird.prefab
  artifactKey: Guid(45a7c5631d9b74a5984dfe39b48e0199) Importer(815301076,1909f56bfc062723c751e8b465ee728b)
Start importing Assets/Flappy Bird Style/Prefabs/Bird.prefab using Guid(45a7c5631d9b74a5984dfe39b48e0199) Importer(815301076,1909f56bfc062723c751e8b465ee728b)  -> (artifact id: 'd4680cb692bcf027568dca56343f7f76') in 0.422165 seconds
  Import took 0.432802 seconds .

========================================================================
Received Import Request.
  Time since last request: 0.000346 seconds.
  path: Assets/Flappy Bird Style/Sprites/GrassThinSprite.png
  artifactKey: Guid(8eeaba973de60134fb7f7fb68863fe5b) Importer(815301076,1909f56bfc062723c751e8b465ee728b)
Start importing Assets/Flappy Bird Style/Sprites/GrassThinSprite.png using Guid(8eeaba973de60134fb7f7fb68863fe5b) Importer(815301076,1909f56bfc062723c751e8b465ee728b)  -> (artifact id: '93ef7fb883aadcd8819f386edfcd82a2') in 0.249002 seconds
  Import took 0.253245 seconds .

========================================================================
Received Import Request.
  Time since last request: 0.000357 seconds.
  path: Assets/Flappy Bird Style/Prefabs/Columns.prefab
  artifactKey: Guid(9ff31c15a0ffe488d81cc242b06dca72) Importer(815301076,1909f56bfc062723c751e8b465ee728b)
Start importing Assets/Flappy Bird Style/Prefabs/Columns.prefab using Guid(9ff31c15a0ffe488d81cc242b06dca72) Importer(815301076,1909f56bfc062723c751e8b465ee728b)  -> (artifact id: 'c7586ce0344c23b5b4909452b9914085') in 0.122557 seconds
  Import took 0.129859 seconds .

========================================================================
Received Import Request.
  Time since last request: 0.000264 seconds.
  path: Assets/Flappy Bird Style/Sprites/SkyTileSprite.png
  artifactKey: Guid(5ad00495542ee412cbfd6988b3c7973a) Importer(815301076,1909f56bfc062723c751e8b465ee728b)
Start importing Assets/Flappy Bird Style/Sprites/SkyTileSprite.png using Guid(5ad00495542ee412cbfd6988b3c7973a) Importer(815301076,1909f56bfc062723c751e8b465ee728b)  -> (artifact id: '5583d7a1ebe309fc2a899211d9924711') in 0.063063 seconds
  Import took 0.068194 seconds .

========================================================================
Received Import Request.
  Time since last request: 0.000299 seconds.
  path: Assets/Flappy Bird Style/Scripts/Bird.cs
  artifactKey: Guid(83af53bce501149a78afac6b1a126947) Importer(815301076,1909f56bfc062723c751e8b465ee728b)
Start importing Assets/Flappy Bird Style/Scripts/Bird.cs using Guid(83af53bce501149a78afac6b1a126947) Importer(815301076,1909f56bfc062723c751e8b465ee728b)  -> (artifact id: 'deef35f9afb6f8488bb8df7ce752823c') in 0.196456 seconds
  Import took 0.200664 seconds .

========================================================================
Received Import Request.
  Time since last request: 0.000264 seconds.
  path: Assets/Scenes/SampleScene.unity
  artifactKey: Guid(2cda990e2423bbf4892e6590ba056729) Importer(815301076,1909f56bfc062723c751e8b465ee728b)
Start importing Assets/Scenes/SampleScene.unity using Guid(2cda990e2423bbf4892e6590ba056729) Importer(815301076,1909f56bfc062723c751e8b465ee728b)  -> (artifact id: 'c2310208df74c583216671dde88d47ab') in 0.010514 seconds
  Import took 0.014775 seconds .

========================================================================
Received Import Request.
  Time since last request: 0.001206 seconds.
  path: Assets/Flappy Bird Style/Sprites/ColumnSprite.png
  artifactKey: Guid(2ad05d7e45bf94f049c630bff83ddf42) Importer(815301076,1909f56bfc062723c751e8b465ee728b)
Start importing Assets/Flappy Bird Style/Sprites/ColumnSprite.png using Guid(2ad05d7e45bf94f049c630bff83ddf42) Importer(815301076,1909f56bfc062723c751e8b465ee728b)  -> (artifact id: 'e2051111be2c1a13168e289d8cfb57a4') in 0.028009 seconds
  Import took 0.050710 seconds .

========================================================================
Received Import Request.
  Time since last request: 0.000677 seconds.
  path: Assets/Flappy Bird Style/Sprites
  artifactKey: Guid(896e841d44dd53b44842173f5c289f84) Importer(815301076,1909f56bfc062723c751e8b465ee728b)
Start importing Assets/Flappy Bird Style/Sprites using Guid(896e841d44dd53b44842173f5c289f84) Importer(815301076,1909f56bfc062723c751e8b465ee728b)  -> (artifact id: '9f02d53881e40528777ae7d7dba4b16b') in 0.017701 seconds
  Import took 0.023290 seconds .

========================================================================
Received Import Request.
  Time since last request: 0.000245 seconds.
  path: Assets/Flappy Bird Style/Sprites/BirdHero.png
  artifactKey: Guid(b9679ce5047dd48bbbf37321679fa793) Importer(815301076,1909f56bfc062723c751e8b465ee728b)
Start importing Assets/Flappy Bird Style/Sprites/BirdHero.png using Guid(b9679ce5047dd48bbbf37321679fa793) Importer(815301076,1909f56bfc062723c751e8b465ee728b)  -> (artifact id: '9c968d985e8a705a09ea682c8070b2dc') in 0.056893 seconds
  Import took 0.062411 seconds .

========================================================================
Received Import Request.
  Time since last request: 0.000324 seconds.
  path: Assets/Flappy Bird Style/Prefabs/Scenery.prefab
  artifactKey: Guid(cc934f51fc632524786844dca51b4475) Importer(815301076,1909f56bfc062723c751e8b465ee728b)
Start importing Assets/Flappy Bird Style/Prefabs/Scenery.prefab using Guid(cc934f51fc632524786844dca51b4475) Importer(815301076,1909f56bfc062723c751e8b465ee728b)  -> (artifact id: '89bc022fa3c40562a2f00d61c1a39b77') in 0.064819 seconds
  Import took 0.074883 seconds .

========================================================================
Received Import Request.
  Time since last request: 0.000249 seconds.
  path: Assets/Flappy Bird Style/Fonts/LuckiestGuy.ttf
  artifactKey: Guid(7c8f2c1b40ef5804b90042c80473b066) Importer(815301076,1909f56bfc062723c751e8b465ee728b)
Start importing Assets/Flappy Bird Style/Fonts/LuckiestGuy.ttf using Guid(7c8f2c1b40ef5804b90042c80473b066) Importer(815301076,1909f56bfc062723c751e8b465ee728b)  -> (artifact id: '853ea9ddf5a0929224bec534e690ecc3') in 0.120719 seconds
  Import took 0.124946 seconds .

========================================================================
Received Import Request.
  Time since last request: 2.566623 seconds.
  path: Packages/com.unity.ugui/package.json
  artifactKey: Guid(319b8889f363f5947acf209c17a94149) Importer(815301076,1909f56bfc062723c751e8b465ee728b)
Start importing Packages/com.unity.ugui/package.json using Guid(319b8889f363f5947acf209c17a94149) Importer(815301076,1909f56bfc062723c751e8b465ee728b)  -> (artifact id: '8695a2bd7e5c599d38e5f18d984f1e9c') in 0.076125 seconds
  Import took 0.086909 seconds .

========================================================================
Received Import Request.
  Time since last request: 0.012977 seconds.
  path: Packages/com.unity.ugui/package.json
  artifactKey: Guid(319b8889f363f5947acf209c17a94149) Importer(815301076,1909f56bfc062723c751e8b465ee728b)
Start importing Packages/com.unity.ugui/package.json using Guid(319b8889f363f5947acf209c17a94149) Importer(815301076,1909f56bfc062723c751e8b465ee728b)  -> (artifact id: '8695a2bd7e5c599d38e5f18d984f1e9c') in 0.004514 seconds
  Import took 0.012132 seconds .

========================================================================
Received Import Request.
  Time since last request: 3.117609 seconds.
  path: Packages/com.unity.ugui/Tests
  artifactKey: Guid(d850db319a63d2546932ff76fe55a498) Importer(815301076,1909f56bfc062723c751e8b465ee728b)
Start importing Packages/com.unity.ugui/Tests using Guid(d850db319a63d2546932ff76fe55a498) Importer(815301076,1909f56bfc062723c751e8b465ee728b)  -> (artifact id: '0e6650fc2c4024820e115618968996fb') in 0.019287 seconds
  Import took 0.026663 seconds .

========================================================================
Received Import Request.
  Time since last request: 3.303589 seconds.
  path: Packages/com.unity.ugui/Runtime/UnityEngine.UI.asmdef
  artifactKey: Guid(2bafac87e7f4b9b418d9448d219b01ab) Importer(815301076,1909f56bfc062723c751e8b465ee728b)
Start importing Packages/com.unity.ugui/Runtime/UnityEngine.UI.asmdef using Guid(2bafac87e7f4b9b418d9448d219b01ab) Importer(815301076,1909f56bfc062723c751e8b465ee728b)  -> (artifact id: '71b52c65bdb8e1d292a58d5f485d8a0b') in 0.031985 seconds
  Import took 0.044163 seconds .

========================================================================
Received Prepare
Refreshing native plugins compatible for Editor in 7.99 ms, found 1 plugins.
Preloading 0 native plugins for Editor in 0.00 ms.
Unloading 10 Unused Serialized files (Serialized files now loaded: 0)
System memory in use before: 53.9 MB.
System memory in use after: 53.9 MB.

Unloading 10 unused Assets to reduce memory usage. Loaded Objects now: 2309.
Total: 14.861920 ms (FindLiveObjects: 0.272370 ms CreateObjectMapping: 0.285002 ms MarkObjects: 14.002179 ms  DeleteObjects: 0.299212 ms)

========================================================================
Received Import Request.
  Time since last request: 27.651164 seconds.
  path: Packages/com.unity.2d.sprite/Editor/Unity.2D.Sprite.Editor.asmdef
  artifactKey: Guid(2c573e6b271651846a79655161004c5b) Importer(815301076,1909f56bfc062723c751e8b465ee728b)
Start importing Packages/com.unity.2d.sprite/Editor/Unity.2D.Sprite.Editor.asmdef using Guid(2c573e6b271651846a79655161004c5b) Importer(815301076,1909f56bfc062723c751e8b465ee728b)  -> (artifact id: '1384fde27f792fbfe6e2ab25a1ca7971') in 0.047530 seconds
  Import took 0.080306 seconds .

========================================================================
Received Import Request.
  Time since last request: 1.927861 seconds.
  path: Packages/com.unity.2d.sprite/Editor/AssemblyInfo.cs
  artifactKey: Guid(03dd6911110407b418a3e5d3f0c473af) Importer(815301076,1909f56bfc062723c751e8b465ee728b)
Start importing Packages/com.unity.2d.sprite/Editor/AssemblyInfo.cs using Guid(03dd6911110407b418a3e5d3f0c473af) Importer(815301076,1909f56bfc062723c751e8b465ee728b)  -> (artifact id: '1cbefbd98cef1f0161cab1065df9a20a') in 0.065884 seconds
  Import took 0.081463 seconds .

========================================================================
Received Import Request.
  Time since last request: 6.878186 seconds.
  path: Assets/Flappy Bird Style/_Scenes/Main.unity
  artifactKey: Guid(ab8ef5f57c6f04e42880b8b05e8278f8) Importer(815301076,1909f56bfc062723c751e8b465ee728b)
Start importing Assets/Flappy Bird Style/_Scenes/Main.unity using Guid(ab8ef5f57c6f04e42880b8b05e8278f8) Importer(815301076,1909f56bfc062723c751e8b465ee728b)  -> (artifact id: '477adddc0c7d2a696dcb5e16a1acc229') in 0.041708 seconds
  Import took 0.082120 seconds .

========================================================================
Received Prepare
Registering precompiled user dll's ...
Registered in 0.815673 seconds.
Begin MonoManager ReloadAssembly
Native extension for WindowsStandalone target not found
Refreshing native plugins compatible for Editor in 2.68 ms, found 1 plugins.
Preloading 0 native plugins for Editor in 0.00 ms.
Invoked RoslynAnalysisRunner static constructor.
RoslynAnalysisRunner will not be running.
RoslynAnalysisRunner has terminated.
Mono: successfully reloaded assembly
- Completed reload, in  8.786 seconds
Platform modules already initialized, skipping
Refreshing native plugins compatible for Editor in 14.62 ms, found 1 plugins.
Preloading 0 native plugins for Editor in 0.00 ms.
Unloading 1809 Unused Serialized files (Serialized files now loaded: 0)
System memory in use before: 88.4 MB.
System memory in use after: 88.4 MB.

Unloading 12 unused Assets to reduce memory usage. Loaded Objects now: 2313.
Total: 8.878863 ms (FindLiveObjects: 0.293686 ms CreateObjectMapping: 0.289738 ms MarkObjects: 8.002147 ms  DeleteObjects: 0.289738 ms)

